<?xml version="1.0" encoding="UTF-8"?>
<!-- Generated by org.testng.reporters.JUnitReportReporter -->
<testsuite skipped="0" hostname="DESKTOP-4AC9D17" name="Test.About" tests="2" failures="0" timestamp="2023-02-07T20:31:10 IST" time="0.015" errors="0">
  <testcase name="logo5" time="0.013" classname="Test.About"/>
  <system-out/>
  <testcase name="logo6" time="0.002" classname="Test.About"/>
  <system-out/>
</testsuite> <!-- Test.About -->
